|.. 
|.. |.. 
|.. |.. |.. 
|.. |.. |.. |.. 0.59	['4.00', '127.58', '0.00', '81.71', '1.00', '2530.42', '16.52', '30.42']
|.. |.. |.. |.. 0.61	['4.24', '112.48', '0.00', '81.12', '3.00', '2311.68', '15.63', '32.80']
|.. |.. |.. 
|.. |.. |.. |.. 0.62	['3.92', '93.76', '0.00', '78.92', '3.00', '2123.28', '16.60', '32.80']
|.. |.. |.. |.. 0.66	['4.16', '103.16', '0.00', '74.16', '3.00', '2254.08', '16.35', '25.20']
|.. |.. 
|.. |.. |.. 
|.. |.. |.. |.. 0.63	['4.20', '109.72', '0.00', '76.16', '2.00', '2478.04', '15.75', '26.40']
|.. |.. |.. |.. 0.64	['4.00', '103.96', '0.00', '72.04', '2.00', '2304.92', '16.76', '26.40']
|.. |.. |.. 
|.. |.. |.. |.. 0.61	['4.00', '120.64', '0.00', '78.44', '1.00', '2403.28', '16.25', '29.20']
|.. |.. |.. |.. 0.57	['4.24', '110.24', '0.00', '77.76', '2.00', '2412.92', '17.68', '32.80']
|.. 
|.. |.. 
|.. |.. |.. 
|.. |.. |.. |.. 0.59	['6.25', '224.29', '0.00', '79.42', '1.00', '3225.67', '16.28', '22.08']
|.. |.. |.. |.. 0.58	['6.00', '235.52', '0.00', '75.96', '1.00', '3376.60', '17.58', '20.00']
|.. |.. |.. 
|.. |.. |.. |.. 0.63	['4.24', '136.50', '0.00', '73.68', '1.00', '2507.28', '16.80', '24.40']
|.. |.. |.. |.. 0.63	['6.00', '225.60', '0.00', '72.12', '1.00', '3054.20', '15.68', '20.00']
|.. |.. 
|.. |.. |.. 
|.. |.. |.. |.. 0.61	['8.00', '332.76', '0.00', '77.88', '1.00', '3976.56', '13.84', '19.60']
|.. |.. |.. |.. 0.67	['8.00', '321.36', '0.00', '74.40', '1.00', '4086.68', '13.40', '14.00']
|.. |.. |.. 
|.. |.. |.. |.. 0.69	['8.00', '332.20', '0.00', '70.84', '1.00', '4010.48', '12.52', '14.40']
|.. |.. |.. |.. 0.73	['8.00', '403.64', '0.00', '71.92', '1.00', '4463.32', '11.50', '11.20']

                0.61['5.45', '193.43', '0.00', '76.01', '1.00', '2970.42', '15.57', '23.84']
                _['Clndrs', 'Volume', 'HpX', 'Model', 'origin', 'Lbs-', 'Acc+', 'Mpg+']
evals:  30
[4.0, 147.33333333333334, 0.0, 81.0, 1.0, 2581.6666666666665, 15.499999999999998, 30.0] [5.548128342245991, 197.65106951871664, 0.0, 75.64438502673801, 1.0, 2998.660427807489, 15.506951871657764, 23.422459893048135]
9
